2023-12-12, 16:30:08: start
2023-12-12, 16:30:33: ЗАПРОС НА ПЕРЕВОД, operationId 1: карта отправителя 1234567890123456, карта получателя 2345678901234567, 
сумма 10000
2023-12-12, 16:30:33:  Успешно! operationId 1 Перевод с карты 1234567890123456 на карту 2345678901234567, сумма операции: 10000,
 комиссия: 100, остаток на карте ОТПРАВИТЕЛЯ сумма 89900, валюта RUR, остаток у ПОЛУЧАТЕЛЯ сумма 160000, валюта RUR
2023-12-12, 16:31:20: ЗАПРОС НА ПЕРЕВОД, operationId 2: карта отправителя 1234567890123456, карта получателя 2345678901234567, 
сумма 90000
2023-12-12, 16:31:20:  ОШИБКА перевода с карты 1234567890123456 на карту 2345678901234567, сумма операции c комиссией: сумма 90900, валюта RUR
ПРИЧИНА ОТКАЗА: НЕДОСТАТОЧНО СРЕДСТВ, остаток на карте ОТПРАВИТЕЛЯ сумма 89900, валюта RUR, остаток у ПОЛУЧАТЕЛЯ сумма 160000, валюта RUR
2023-12-12, 16:31:20: Error input data - Неверные входные данные. НЕДОСТАТОЧНО СРЕДСТВ, id операции 2
2023-12-12, 16:31:57: ЗАПРОС НА ПЕРЕВОД, operationId 3: карта отправителя 1234567890123456, карта получателя 2345678901234567, 
сумма 89000
2023-12-12, 16:31:57:  Успешно! operationId 3 Перевод с карты 1234567890123456 на карту 2345678901234567, сумма операции: 89000,
 комиссия: 890, остаток на карте ОТПРАВИТЕЛЯ сумма 10, валюта RUR, остаток у ПОЛУЧАТЕЛЯ сумма 249000, валюта RUR
2023-12-12, 16:32:39: ЗАПРОС НА ПЕРЕВОД, operationId 4: карта отправителя 2345678901234567, карта получателя 1234567890123456, 
сумма 240000
2023-12-12, 16:32:39:  Успешно! operationId 4 Перевод с карты 2345678901234567 на карту 1234567890123456, сумма операции: 240000,
 комиссия: 2400, остаток на карте ОТПРАВИТЕЛЯ сумма 6600, валюта RUR, остаток у ПОЛУЧАТЕЛЯ сумма 240010, валюта RUR
2023-12-12, 16:34:41: ЗАПРОС НА ПЕРЕВОД, operationId 5: карта отправителя 1234567890123456, карта получателя 3456789012345678, 
сумма 10000
2023-12-12, 16:34:41:  ОШИБКА перевода с карты 1234567890123456 на карту 3456789012345678, сумма операции: сумма 10000, валюта RUR. 
ПРИЧИНА ОТКАЗА: НЕСООТВЕТСТВИЕ ВАЛЮТ КАРТЫ ОТПРАВИТЕЛЯ И ПОЛУЧАТЕЛЯ. Oстаток на карте ОТПРАВИТЕЛЯ сумма 240010, валюта RUR, остаток у ПОЛУЧАТЕЛЯ сумма 200000, валюта rub
2023-12-12, 16:34:41: Error transfer - ошибка перевода. РАЗНЫЕ ВАЛЮТЫ, id операции 5
2023-12-12, 16:36:51: ЗАПРОС НА ПЕРЕВОД, operationId 6: карта отправителя 1111111111111111, карта получателя 3456789012345678, 
сумма 10000
2023-12-12, 16:36:51:  ОШИБКА перевода с карты 1111111111111111 на карту 3456789012345678, сумма операции: 10000 ПРИЧИНА ОТКАЗА: КАРТА ОТПРАВИТЕЛЬ НЕ НАЙДЕНА
2023-12-12, 16:36:51: Error input data - Неверные входные данные. КАРТА ОТПРАВИТЕЛЬ НЕ НАЙДЕНА, id операции 6
2023-12-12, 16:38:05: ЗАПРОС НА ПЕРЕВОД, operationId 7: карта отправителя 1234567890123456, карта получателя 2222222222222222, 
сумма 10000
2023-12-12, 16:38:05:  ОШИБКА перевода с карты 1234567890123456 на карту 2222222222222222, сумма операции: 10000. ПРИЧИНА ОТКАЗА: КАРТА ПОЛУЧАТЕЛЬ НЕ НАЙДЕНА
2023-12-12, 16:38:05: Error input data - Неверные входные данные. КАРТА ПОЛУЧАТЕЛЬ НЕ НАЙДЕНА, id операции 7
